/global/homes/s/sark777/ml-scale-issues/launch.py:153: DeprecationWarning: setDaemon() is deprecated, set the daemon attribute instead
  thread.setDaemon(True)
***************************************************************************
                          NOTICE TO USERS

Lawrence Berkeley National Laboratory operates this computer system under 
contract to the U.S. Department of Energy.  This computer system is the 
property of the United States Government and is for authorized use only.
Users (authorized or unauthorized) have no explicit or implicit 
expectation of privacy.

Any or all uses of this system and all files on this system may be
intercepted, monitored, recorded, copied, audited, inspected, and disclosed
to authorized site, Department of Energy, and law enforcement personnel,
as well as authorized officials of other agencies, both domestic and foreign.
By using this system, the user consents to such interception, monitoring,
recording, copying, auditing, inspection, and disclosure at the discretion
of authorized site or Department of Energy personnel.

Unauthorized or improper use of this system may result in administrative
disciplinary action and civil and criminal penalties. By continuing to use
this system you indicate your awareness of and consent to these terms and
conditions of use. LOG OFF IMMEDIATELY if you do not agree to the conditions
stated in this warning.

*****************************************************************************

Login connection to host x1006c2s6b0n1:

***************************************************************************
                          NOTICE TO USERS

Lawrence Berkeley National Laboratory operates this computer system under 
contract to the U.S. Department of Energy.  This computer system is the 
property of the United States Government and is for authorized use only.
Users (authorized or unauthorized) have no explicit or implicit 
expectation of privacy.

Any or all uses of this system and all files on this system may be
intercepted, monitored, recorded, copied, audited, inspected, and disclosed
to authorized site, Department of Energy, and law enforcement personnel,
as well as authorized officials of other agencies, both domestic and foreign.
By using this system, the user consents to such interception, monitoring,
recording, copying, auditing, inspection, and disclosure at the discretion
of authorized site or Department of Energy personnel.

Unauthorized or improper use of this system may result in administrative
disciplinary action and civil and criminal penalties. By continuing to use
this system you indicate your awareness of and consent to these terms and
conditions of use. LOG OFF IMMEDIATELY if you do not agree to the conditions
stated in this warning.

*****************************************************************************

Login connection to host x1206c6s3b1n1:

***************************************************************************
                          NOTICE TO USERS

Lawrence Berkeley National Laboratory operates this computer system under 
contract to the U.S. Department of Energy.  This computer system is the 
property of the United States Government and is for authorized use only.
Users (authorized or unauthorized) have no explicit or implicit 
expectation of privacy.

Any or all uses of this system and all files on this system may be
intercepted, monitored, recorded, copied, audited, inspected, and disclosed
to authorized site, Department of Energy, and law enforcement personnel,
as well as authorized officials of other agencies, both domestic and foreign.
By using this system, the user consents to such interception, monitoring,
recording, copying, auditing, inspection, and disclosure at the discretion
of authorized site or Department of Energy personnel.

Unauthorized or improper use of this system may result in administrative
disciplinary action and civil and criminal penalties. By continuing to use
this system you indicate your awareness of and consent to these terms and
conditions of use. LOG OFF IMMEDIATELY if you do not agree to the conditions
stated in this warning.

*****************************************************************************

Login connection to host x1006c2s6b0n1:

***************************************************************************
                          NOTICE TO USERS

Lawrence Berkeley National Laboratory operates this computer system under 
contract to the U.S. Department of Energy.  This computer system is the 
property of the United States Government and is for authorized use only.
Users (authorized or unauthorized) have no explicit or implicit 
expectation of privacy.

Any or all uses of this system and all files on this system may be
intercepted, monitored, recorded, copied, audited, inspected, and disclosed
to authorized site, Department of Energy, and law enforcement personnel,
as well as authorized officials of other agencies, both domestic and foreign.
By using this system, the user consents to such interception, monitoring,
recording, copying, auditing, inspection, and disclosure at the discretion
of authorized site or Department of Energy personnel.

Unauthorized or improper use of this system may result in administrative
disciplinary action and civil and criminal penalties. By continuing to use
this system you indicate your awareness of and consent to these terms and
conditions of use. LOG OFF IMMEDIATELY if you do not agree to the conditions
stated in this warning.

*****************************************************************************

Login connection to host x1206c6s3b1n1:

[10:00:10] /opt/dgl/src/rpc/rpc.cc:141: Sender with NetType~socket is created.
[10:00:10] /opt/dgl/src/rpc/rpc.cc:161: Receiver with NetType~socket is created.
[10:00:11] /opt/dgl/src/rpc/rpc.cc:141: Sender with NetType~socket is created.
[10:00:11] /opt/dgl/src/rpc/rpc.cc:161: Receiver with NetType~socket is created.
/global/homes/s/sark777/.conda/envs/dgl/lib/python3.11/site-packages/torch/distributed/launch.py:181: FutureWarning: The module torch.distributed.launch is deprecated
and will be removed in future. Use torchrun.
Note that --use-env is set by default in torchrun.
If your script expects `--local-rank` argument to be set, please
change it to read from `os.environ['LOCAL_RANK']` instead. See 
https://pytorch.org/docs/stable/distributed.html#launch-utility for 
further instructions

  warnings.warn(
/global/homes/s/sark777/.conda/envs/dgl/lib/python3.11/site-packages/torch/distributed/launch.py:181: FutureWarning: The module torch.distributed.launch is deprecated
and will be removed in future. Use torchrun.
Note that --use-env is set by default in torchrun.
If your script expects `--local-rank` argument to be set, please
change it to read from `os.environ['LOCAL_RANK']` instead. See 
https://pytorch.org/docs/stable/distributed.html#launch-utility for 
further instructions

  warnings.warn(
[[[10:00:2210:00:22] 10:00:22/opt/dgl/src/rpc/rpc.cc] ] :/opt/dgl/src/rpc/rpc.cc/opt/dgl/src/rpc/rpc.cc::[141: 141141: Sender with NetType~: Sender with NetType~Sender with NetType~10:00:22socket]  is created./opt/dgl/src/rpc/rpc.ccsocketsocket is created.
: is created.

141: Sender with NetType~[socket is created.
10:00:22[] [/opt/dgl/src/rpc/rpc.cc10:00:22:10:00:22] ] 161/opt/dgl/src/rpc/rpc.cc/opt/dgl/src/rpc/rpc.cc::161: : Receiver with NetType~Receiver with NetType~[161socketsocket:  is created.10:00:22 is created.] Receiver with NetType~

socket/opt/dgl/src/rpc/rpc.cc is created.:
161: Receiver with NetType~socket is created.
[[[[10:00:22] 10:00:22/opt/dgl/src/rpc/rpc.cc] :/opt/dgl/src/rpc/rpc.cc10:00:2210:00:22:141] ] : /opt/dgl/src/rpc/rpc.cc/opt/dgl/src/rpc/rpc.cc141:Sender with NetType~:: Sender with NetType~141socket:  is created.Sender with NetType~socket141
 is created.: 
socketSender with NetType~ is created.
socket is created.[
[10:00:22[10:00:22] ] /opt/dgl/src/rpc/rpc.cc10:00:22:/opt/dgl/src/rpc/rpc.cc161] [:: /opt/dgl/src/rpc/rpc.cc10:00:22:161Receiver with NetType~] : 161socket/opt/dgl/src/rpc/rpc.ccReceiver with NetType~:  is created.Receiver with NetType~:socket161socket
 is created.:  is created.
Receiver with NetType~
socket is created.
